Starting update in folder: ./dia-house

up to date, audited 210 packages in 27s

19 packages are looking for funding
  run `npm fund` for details

found 0 vulnerabilities
yarn install v1.22.21
info No lockfile found.
warning package-lock.json found. Your project contains lock files generated by tools other than Yarn. It is advised not to mix package managers in order to avoid resolution inconsistencies caused by unsynchronized lock files. To clear this warning, remove package-lock.json.
[1/4] Resolving packages...
[2/4] Fetching packages...
[3/4] Linking dependencies...
[4/4] Building fresh packages...
success Saved lockfile.
Done in 11.48s.
yarn run v1.22.21
$ hdk dev --open
[33mThe CJS build of Vite's Node API is deprecated. See https://vitejs.dev/guide/troubleshooting.html#vite-cjs-node-api-deprecated for more details.[39m
Starting up dia-house 0.0.161
  - serving from /Users/stefan/Documents/Source/hiber/hdk-examples/dia-house
Re-optimizing dependencies because lockfile has changed
Port 5173 is in use, trying another one...
Port 5174 is in use, trying another one...
Port 5175 is in use, trying another one...
Port 5176 is in use, trying another one...
Port 5177 is in use, trying another one...
Port 5178 is in use, trying another one...
Port 5179 is in use, trying another one...
Port 5180 is in use, trying another one...
Port 5181 is in use, trying another one...
Port 5182 is in use, trying another one...
Port 5183 is in use, trying another one...
Port 5184 is in use, trying another one...
Port 5185 is in use, trying another one...
Port 5186 is in use, trying another one...
Port 5187 is in use, trying another one...
Port 5188 is in use, trying another one...
Port 5189 is in use, trying another one...
Port 5190 is in use, trying another one...
Port 5191 is in use, trying another one...
Port 5192 is in use, trying another one...
Port 5193 is in use, trying another one...
Port 5194 is in use, trying another one...
Port 5195 is in use, trying another one...
Port 5196 is in use, trying another one...
Port 5197 is in use, trying another one...
  ➜  Local:   http://localhost:5198/
  ➜  Network: use --host to expose
Saving /Users/stefan/Documents/Source/hiber/hdk-examples/dia-house/scene.json...
Saved /Users/stefan/Documents/Source/hiber/hdk-examples/dia-house/scene.json!
