Starting update in folder: ./hub

up to date, audited 209 packages in 5s

19 packages are looking for funding
  run `npm fund` for details

found 0 vulnerabilities

added 1 package, and audited 210 packages in 885ms

19 packages are looking for funding
  run `npm fund` for details

found 0 vulnerabilities

> hub@0.0.161 dev
> hdk dev --open

[33mThe CJS build of Vite's Node API is deprecated. See https://vitejs.dev/guide/troubleshooting.html#vite-cjs-node-api-deprecated for more details.[39m
Starting up hub 0.0.161
  - serving from /Users/stefan/Documents/Source/hiber/hdk-examples/hub
Port 5173 is in use, trying another one...
Port 5174 is in use, trying another one...
Port 5175 is in use, trying another one...
Port 5176 is in use, trying another one...
Port 5177 is in use, trying another one...
Port 5178 is in use, trying another one...
Port 5179 is in use, trying another one...
Port 5180 is in use, trying another one...
Port 5181 is in use, trying another one...
Port 5182 is in use, trying another one...
Port 5183 is in use, trying another one...
Port 5184 is in use, trying another one...
Port 5185 is in use, trying another one...
Port 5186 is in use, trying another one...
Port 5187 is in use, trying another one...
Port 5188 is in use, trying another one...
Port 5189 is in use, trying another one...
Port 5190 is in use, trying another one...
Port 5191 is in use, trying another one...
Port 5192 is in use, trying another one...
Port 5193 is in use, trying another one...
Port 5194 is in use, trying another one...
Port 5195 is in use, trying another one...
Port 5196 is in use, trying another one...
Port 5197 is in use, trying another one...
Port 5198 is in use, trying another one...
Port 5199 is in use, trying another one...
Port 5200 is in use, trying another one...
Port 5201 is in use, trying another one...
Port 5202 is in use, trying another one...
Port 5203 is in use, trying another one...
Port 5204 is in use, trying another one...
Port 5205 is in use, trying another one...
Port 5206 is in use, trying another one...
Port 5207 is in use, trying another one...
Port 5208 is in use, trying another one...
Port 5209 is in use, trying another one...
Port 5210 is in use, trying another one...
Port 5211 is in use, trying another one...
Port 5212 is in use, trying another one...
Port 5213 is in use, trying another one...
Port 5214 is in use, trying another one...
Port 5215 is in use, trying another one...
Port 5216 is in use, trying another one...
Port 5217 is in use, trying another one...
Port 5218 is in use, trying another one...
Port 5219 is in use, trying another one...
  ➜  Local:   http://localhost:5220/
  ➜  Network: use --host to expose
Saving /Users/stefan/Documents/Source/hiber/hdk-examples/hub/scene.json...
Saved /Users/stefan/Documents/Source/hiber/hdk-examples/hub/scene.json!
